<?xml version="1.0" encoding="UTF-8"?>
<testsuite xmlns:xsi="http://www.w3.org/2001/XMLSchema-instance" xsi:noNamespaceSchemaLocation="https://maven.apache.org/surefire/maven-surefire-plugin/xsd/surefire-test-report.xsd" name="ru.yandex.api.ClientAuthTests" time="12.097" tests="4" errors="0" skipped="0" failures="0">
  <properties>
[...]
</properties>
  <testcase name="shouldNotBeAuthorizedWithNullEmail" classname="ru.yandex.api.ClientAuthTests" time="8.77"/>
  <testcase name="shouldNotBeAuthorizedWithInvalidPassword" classname="ru.yandex.api.ClientAuthTests" time="1.066"/>
  <testcase name="shouldNotBeAuthorizedWithInvalidEmail" classname="ru.yandex.api.ClientAuthTests" time="0.878"/>
  <testcase name="shouldAuthClientWithExistData" classname="ru.yandex.api.ClientAuthTests" time="1.047"/>
</testsuite>